{"C:\\Users\\mdbaa\\development\\projects\\FrontEnd\\Javascript1\\Turma1093\\aula3\\calculadora.js": {"path":"C:\\Users\\mdbaa\\development\\projects\\FrontEnd\\Javascript1\\Turma1093\\aula3\\calculadora.js","statementMap":{"0":{"start":{"line":2,"column":2},"end":{"line":3,"column":36}},"1":{"start":{"line":3,"column":4},"end":{"line":3,"column":36}},"2":{"start":{"line":5,"column":2},"end":{"line":5,"column":15}},"3":{"start":{"line":10,"column":2},"end":{"line":10,"column":15}},"4":{"start":{"line":13,"column":0},"end":{"line":13,"column":22}},"5":{"start":{"line":14,"column":0},"end":{"line":14,"column":28}}},"fnMap":{"0":{"name":"somar","decl":{"start":{"line":1,"column":9},"end":{"line":1,"column":14}},"loc":{"start":{"line":1,"column":21},"end":{"line":6,"column":1}},"line":1},"1":{"name":"subtrair","decl":{"start":{"line":8,"column":9},"end":{"line":8,"column":17}},"loc":{"start":{"line":8,"column":24},"end":{"line":11,"column":1}},"line":8}},"branchMap":{"0":{"loc":{"start":{"line":2,"column":2},"end":{"line":3,"column":36}},"type":"if","locations":[{"start":{"line":2,"column":2},"end":{"line":3,"column":36}},{"start":{},"end":{}}],"line":2},"1":{"loc":{"start":{"line":2,"column":6},"end":{"line":2,"column":52}},"type":"binary-expr","locations":[{"start":{"line":2,"column":6},"end":{"line":2,"column":27}},{"start":{"line":2,"column":31},"end":{"line":2,"column":52}}],"line":2}},"s":{"0":6,"1":1,"2":5,"3":3,"4":1,"5":1},"f":{"0":6,"1":3},"b":{"0":[1,5],"1":[6,5]},"_coverageSchema":"1a1c01bbd47fc00a2c39e90264f33305004495a9","hash":"98414b58a4b85f02d97984edf26d61e0f22b6304"}
}
